

Started GET "/" for 127.0.0.1 at 2015-09-22 09:00:25 +0700

PG::ConnectionBad (could not connect to server: No such file or directory
	Is the server running locally and accepting
	connections on Unix domain socket "/tmp/.s.PGSQL.5432"?
):
  activerecord (4.1.6) lib/active_record/connection_adapters/postgresql_adapter.rb:888:in `initialize'
  activerecord (4.1.6) lib/active_record/connection_adapters/postgresql_adapter.rb:888:in `new'
  activerecord (4.1.6) lib/active_record/connection_adapters/postgresql_adapter.rb:888:in `connect'
  activerecord (4.1.6) lib/active_record/connection_adapters/postgresql_adapter.rb:568:in `initialize'
  activerecord (4.1.6) lib/active_record/connection_adapters/postgresql_adapter.rb:41:in `new'
  activerecord (4.1.6) lib/active_record/connection_adapters/postgresql_adapter.rb:41:in `postgresql_connection'
  activerecord (4.1.6) lib/active_record/connection_adapters/abstract/connection_pool.rb:435:in `new_connection'
  activerecord (4.1.6) lib/active_record/connection_adapters/abstract/connection_pool.rb:445:in `checkout_new_connection'
  activerecord (4.1.6) lib/active_record/connection_adapters/abstract/connection_pool.rb:416:in `acquire_connection'
  activerecord (4.1.6) lib/active_record/connection_adapters/abstract/connection_pool.rb:351:in `block in checkout'
  /Users/Mido/.rvm/rubies/ruby-2.2.2/lib/ruby/2.2.0/monitor.rb:211:in `mon_synchronize'
  activerecord (4.1.6) lib/active_record/connection_adapters/abstract/connection_pool.rb:350:in `checkout'
  activerecord (4.1.6) lib/active_record/connection_adapters/abstract/connection_pool.rb:265:in `block in connection'
  /Users/Mido/.rvm/rubies/ruby-2.2.2/lib/ruby/2.2.0/monitor.rb:211:in `mon_synchronize'
  activerecord (4.1.6) lib/active_record/connection_adapters/abstract/connection_pool.rb:264:in `connection'
  activerecord (4.1.6) lib/active_record/connection_adapters/abstract/connection_pool.rb:541:in `retrieve_connection'
  activerecord (4.1.6) lib/active_record/connection_handling.rb:113:in `retrieve_connection'
  activerecord (4.1.6) lib/active_record/connection_handling.rb:87:in `connection'
  activerecord (4.1.6) lib/active_record/query_cache.rb:51:in `restore_query_cache_settings'
  activerecord (4.1.6) lib/active_record/query_cache.rb:43:in `rescue in call'
  activerecord (4.1.6) lib/active_record/query_cache.rb:32:in `call'
  activerecord (4.1.6) lib/active_record/connection_adapters/abstract/connection_pool.rb:621:in `call'
  activerecord (4.1.6) lib/active_record/migration.rb:380:in `call'
  actionpack (4.1.6) lib/action_dispatch/middleware/callbacks.rb:29:in `block in call'
  activesupport (4.1.6) lib/active_support/callbacks.rb:82:in `run_callbacks'
  actionpack (4.1.6) lib/action_dispatch/middleware/callbacks.rb:27:in `call'
  actionpack (4.1.6) lib/action_dispatch/middleware/reloader.rb:73:in `call'
  actionpack (4.1.6) lib/action_dispatch/middleware/remote_ip.rb:76:in `call'
  actionpack (4.1.6) lib/action_dispatch/middleware/debug_exceptions.rb:17:in `call'
  actionpack (4.1.6) lib/action_dispatch/middleware/show_exceptions.rb:30:in `call'
  railties (4.1.6) lib/rails/rack/logger.rb:38:in `call_app'
  railties (4.1.6) lib/rails/rack/logger.rb:20:in `block in call'
  activesupport (4.1.6) lib/active_support/tagged_logging.rb:68:in `block in tagged'
  activesupport (4.1.6) lib/active_support/tagged_logging.rb:26:in `tagged'
  activesupport (4.1.6) lib/active_support/tagged_logging.rb:68:in `tagged'
  railties (4.1.6) lib/rails/rack/logger.rb:20:in `call'
  actionpack (4.1.6) lib/action_dispatch/middleware/request_id.rb:21:in `call'
  rack (1.5.5) lib/rack/methodoverride.rb:21:in `call'
  rack (1.5.5) lib/rack/runtime.rb:17:in `call'
  activesupport (4.1.6) lib/active_support/cache/strategy/local_cache_middleware.rb:26:in `call'
  rack (1.5.5) lib/rack/lock.rb:17:in `call'
  actionpack (4.1.6) lib/action_dispatch/middleware/static.rb:64:in `call'
  rack (1.5.5) lib/rack/sendfile.rb:112:in `call'
  railties (4.1.6) lib/rails/engine.rb:514:in `call'
  railties (4.1.6) lib/rails/application.rb:144:in `call'
  rack (1.5.5) lib/rack/content_length.rb:14:in `call'
  thin (1.6.3) lib/thin/connection.rb:86:in `block in pre_process'
  thin (1.6.3) lib/thin/connection.rb:84:in `catch'
  thin (1.6.3) lib/thin/connection.rb:84:in `pre_process'
  thin (1.6.3) lib/thin/connection.rb:53:in `process'
  thin (1.6.3) lib/thin/connection.rb:39:in `receive_data'
  eventmachine (1.0.8) lib/eventmachine.rb:193:in `run_machine'
  eventmachine (1.0.8) lib/eventmachine.rb:193:in `run'
  thin (1.6.3) lib/thin/backends/base.rb:73:in `start'
  thin (1.6.3) lib/thin/server.rb:162:in `start'
  rack (1.5.5) lib/rack/handler/thin.rb:16:in `run'
  rack (1.5.5) lib/rack/server.rb:264:in `start'
  railties (4.1.6) lib/rails/commands/server.rb:69:in `start'
  railties (4.1.6) lib/rails/commands/commands_tasks.rb:81:in `block in server'
  railties (4.1.6) lib/rails/commands/commands_tasks.rb:76:in `tap'
  railties (4.1.6) lib/rails/commands/commands_tasks.rb:76:in `server'
  railties (4.1.6) lib/rails/commands/commands_tasks.rb:40:in `run_command!'
  railties (4.1.6) lib/rails/commands.rb:17:in `<top (required)>'
  bin/rails:8:in `require'
  bin/rails:8:in `<top (required)>'
  spring (1.4.0) lib/spring/client/rails.rb:28:in `load'
  spring (1.4.0) lib/spring/client/rails.rb:28:in `call'
  spring (1.4.0) lib/spring/client/command.rb:7:in `call'
  spring (1.4.0) lib/spring/client.rb:28:in `run'
  spring (1.4.0) bin/spring:49:in `<top (required)>'
  spring (1.4.0) lib/spring/binstub.rb:11:in `load'
  spring (1.4.0) lib/spring/binstub.rb:11:in `<top (required)>'
  bin/spring:13:in `require'
  bin/spring:13:in `<top (required)>'
  bin/rails:3:in `load'
  bin/rails:3:in `<main>'


  Rendered /Users/Mido/.rvm/gems/ruby-2.2.2/gems/actionpack-4.1.6/lib/action_dispatch/middleware/templates/rescues/_source.erb (0.5ms)
  Rendered /Users/Mido/.rvm/gems/ruby-2.2.2/gems/actionpack-4.1.6/lib/action_dispatch/middleware/templates/rescues/_trace.html.erb (1.1ms)
  Rendered /Users/Mido/.rvm/gems/ruby-2.2.2/gems/actionpack-4.1.6/lib/action_dispatch/middleware/templates/rescues/_request_and_response.html.erb (0.8ms)
  Rendered /Users/Mido/.rvm/gems/ruby-2.2.2/gems/actionpack-4.1.6/lib/action_dispatch/middleware/templates/rescues/diagnostics.erb within rescues/layout (56.6ms)


Started GET "/" for 127.0.0.1 at 2015-09-22 09:00:27 +0700

PG::ConnectionBad (could not connect to server: No such file or directory
	Is the server running locally and accepting
	connections on Unix domain socket "/tmp/.s.PGSQL.5432"?
):
  activerecord (4.1.6) lib/active_record/connection_adapters/postgresql_adapter.rb:888:in `initialize'
  activerecord (4.1.6) lib/active_record/connection_adapters/postgresql_adapter.rb:888:in `new'
  activerecord (4.1.6) lib/active_record/connection_adapters/postgresql_adapter.rb:888:in `connect'
  activerecord (4.1.6) lib/active_record/connection_adapters/postgresql_adapter.rb:568:in `initialize'
  activerecord (4.1.6) lib/active_record/connection_adapters/postgresql_adapter.rb:41:in `new'
  activerecord (4.1.6) lib/active_record/connection_adapters/postgresql_adapter.rb:41:in `postgresql_connection'
  activerecord (4.1.6) lib/active_record/connection_adapters/abstract/connection_pool.rb:435:in `new_connection'
  activerecord (4.1.6) lib/active_record/connection_adapters/abstract/connection_pool.rb:445:in `checkout_new_connection'
  activerecord (4.1.6) lib/active_record/connection_adapters/abstract/connection_pool.rb:416:in `acquire_connection'
  activerecord (4.1.6) lib/active_record/connection_adapters/abstract/connection_pool.rb:351:in `block in checkout'
  /Users/Mido/.rvm/rubies/ruby-2.2.2/lib/ruby/2.2.0/monitor.rb:211:in `mon_synchronize'
  activerecord (4.1.6) lib/active_record/connection_adapters/abstract/connection_pool.rb:350:in `checkout'
  activerecord (4.1.6) lib/active_record/connection_adapters/abstract/connection_pool.rb:265:in `block in connection'
  /Users/Mido/.rvm/rubies/ruby-2.2.2/lib/ruby/2.2.0/monitor.rb:211:in `mon_synchronize'
  activerecord (4.1.6) lib/active_record/connection_adapters/abstract/connection_pool.rb:264:in `connection'
  activerecord (4.1.6) lib/active_record/connection_adapters/abstract/connection_pool.rb:541:in `retrieve_connection'
  activerecord (4.1.6) lib/active_record/connection_handling.rb:113:in `retrieve_connection'
  activerecord (4.1.6) lib/active_record/connection_handling.rb:87:in `connection'
  activerecord (4.1.6) lib/active_record/query_cache.rb:51:in `restore_query_cache_settings'
  activerecord (4.1.6) lib/active_record/query_cache.rb:43:in `rescue in call'
  activerecord (4.1.6) lib/active_record/query_cache.rb:32:in `call'
  activerecord (4.1.6) lib/active_record/connection_adapters/abstract/connection_pool.rb:621:in `call'
  activerecord (4.1.6) lib/active_record/migration.rb:380:in `call'
  actionpack (4.1.6) lib/action_dispatch/middleware/callbacks.rb:29:in `block in call'
  activesupport (4.1.6) lib/active_support/callbacks.rb:82:in `run_callbacks'
  actionpack (4.1.6) lib/action_dispatch/middleware/callbacks.rb:27:in `call'
  actionpack (4.1.6) lib/action_dispatch/middleware/reloader.rb:73:in `call'
  actionpack (4.1.6) lib/action_dispatch/middleware/remote_ip.rb:76:in `call'
  actionpack (4.1.6) lib/action_dispatch/middleware/debug_exceptions.rb:17:in `call'
  actionpack (4.1.6) lib/action_dispatch/middleware/show_exceptions.rb:30:in `call'
  railties (4.1.6) lib/rails/rack/logger.rb:38:in `call_app'
  railties (4.1.6) lib/rails/rack/logger.rb:20:in `block in call'
  activesupport (4.1.6) lib/active_support/tagged_logging.rb:68:in `block in tagged'
  activesupport (4.1.6) lib/active_support/tagged_logging.rb:26:in `tagged'
  activesupport (4.1.6) lib/active_support/tagged_logging.rb:68:in `tagged'
  railties (4.1.6) lib/rails/rack/logger.rb:20:in `call'
  actionpack (4.1.6) lib/action_dispatch/middleware/request_id.rb:21:in `call'
  rack (1.5.5) lib/rack/methodoverride.rb:21:in `call'
  rack (1.5.5) lib/rack/runtime.rb:17:in `call'
  activesupport (4.1.6) lib/active_support/cache/strategy/local_cache_middleware.rb:26:in `call'
  rack (1.5.5) lib/rack/lock.rb:17:in `call'
  actionpack (4.1.6) lib/action_dispatch/middleware/static.rb:64:in `call'
  rack (1.5.5) lib/rack/sendfile.rb:112:in `call'
  railties (4.1.6) lib/rails/engine.rb:514:in `call'
  railties (4.1.6) lib/rails/application.rb:144:in `call'
  rack (1.5.5) lib/rack/content_length.rb:14:in `call'
  thin (1.6.3) lib/thin/connection.rb:86:in `block in pre_process'
  thin (1.6.3) lib/thin/connection.rb:84:in `catch'
  thin (1.6.3) lib/thin/connection.rb:84:in `pre_process'
  thin (1.6.3) lib/thin/connection.rb:53:in `process'
  thin (1.6.3) lib/thin/connection.rb:39:in `receive_data'
  eventmachine (1.0.8) lib/eventmachine.rb:193:in `run_machine'
  eventmachine (1.0.8) lib/eventmachine.rb:193:in `run'
  thin (1.6.3) lib/thin/backends/base.rb:73:in `start'
  thin (1.6.3) lib/thin/server.rb:162:in `start'
  rack (1.5.5) lib/rack/handler/thin.rb:16:in `run'
  rack (1.5.5) lib/rack/server.rb:264:in `start'
  railties (4.1.6) lib/rails/commands/server.rb:69:in `start'
  railties (4.1.6) lib/rails/commands/commands_tasks.rb:81:in `block in server'
  railties (4.1.6) lib/rails/commands/commands_tasks.rb:76:in `tap'
  railties (4.1.6) lib/rails/commands/commands_tasks.rb:76:in `server'
  railties (4.1.6) lib/rails/commands/commands_tasks.rb:40:in `run_command!'
  railties (4.1.6) lib/rails/commands.rb:17:in `<top (required)>'
  bin/rails:8:in `require'
  bin/rails:8:in `<top (required)>'
  spring (1.4.0) lib/spring/client/rails.rb:28:in `load'
  spring (1.4.0) lib/spring/client/rails.rb:28:in `call'
  spring (1.4.0) lib/spring/client/command.rb:7:in `call'
  spring (1.4.0) lib/spring/client.rb:28:in `run'
  spring (1.4.0) bin/spring:49:in `<top (required)>'
  spring (1.4.0) lib/spring/binstub.rb:11:in `load'
  spring (1.4.0) lib/spring/binstub.rb:11:in `<top (required)>'
  bin/spring:13:in `require'
  bin/spring:13:in `<top (required)>'
  bin/rails:3:in `load'
  bin/rails:3:in `<main>'


  Rendered /Users/Mido/.rvm/gems/ruby-2.2.2/gems/actionpack-4.1.6/lib/action_dispatch/middleware/templates/rescues/_source.erb (0.5ms)
  Rendered /Users/Mido/.rvm/gems/ruby-2.2.2/gems/actionpack-4.1.6/lib/action_dispatch/middleware/templates/rescues/_trace.html.erb (0.9ms)
  Rendered /Users/Mido/.rvm/gems/ruby-2.2.2/gems/actionpack-4.1.6/lib/action_dispatch/middleware/templates/rescues/_request_and_response.html.erb (0.7ms)
  Rendered /Users/Mido/.rvm/gems/ruby-2.2.2/gems/actionpack-4.1.6/lib/action_dispatch/middleware/templates/rescues/diagnostics.erb within rescues/layout (44.7ms)


Started GET "/" for 127.0.0.1 at 2015-09-22 09:03:13 +0700

PG::ConnectionBad (could not connect to server: No such file or directory
	Is the server running locally and accepting
	connections on Unix domain socket "/tmp/.s.PGSQL.5432"?
):
  activerecord (4.1.6) lib/active_record/connection_adapters/postgresql_adapter.rb:888:in `initialize'
  activerecord (4.1.6) lib/active_record/connection_adapters/postgresql_adapter.rb:888:in `new'
  activerecord (4.1.6) lib/active_record/connection_adapters/postgresql_adapter.rb:888:in `connect'
  activerecord (4.1.6) lib/active_record/connection_adapters/postgresql_adapter.rb:568:in `initialize'
  activerecord (4.1.6) lib/active_record/connection_adapters/postgresql_adapter.rb:41:in `new'
  activerecord (4.1.6) lib/active_record/connection_adapters/postgresql_adapter.rb:41:in `postgresql_connection'
  activerecord (4.1.6) lib/active_record/connection_adapters/abstract/connection_pool.rb:435:in `new_connection'
  activerecord (4.1.6) lib/active_record/connection_adapters/abstract/connection_pool.rb:445:in `checkout_new_connection'
  activerecord (4.1.6) lib/active_record/connection_adapters/abstract/connection_pool.rb:416:in `acquire_connection'
  activerecord (4.1.6) lib/active_record/connection_adapters/abstract/connection_pool.rb:351:in `block in checkout'
  /Users/Mido/.rvm/rubies/ruby-2.2.2/lib/ruby/2.2.0/monitor.rb:211:in `mon_synchronize'
  activerecord (4.1.6) lib/active_record/connection_adapters/abstract/connection_pool.rb:350:in `checkout'
  activerecord (4.1.6) lib/active_record/connection_adapters/abstract/connection_pool.rb:265:in `block in connection'
  /Users/Mido/.rvm/rubies/ruby-2.2.2/lib/ruby/2.2.0/monitor.rb:211:in `mon_synchronize'
  activerecord (4.1.6) lib/active_record/connection_adapters/abstract/connection_pool.rb:264:in `connection'
  activerecord (4.1.6) lib/active_record/connection_adapters/abstract/connection_pool.rb:541:in `retrieve_connection'
  activerecord (4.1.6) lib/active_record/connection_handling.rb:113:in `retrieve_connection'
  activerecord (4.1.6) lib/active_record/connection_handling.rb:87:in `connection'
  activerecord (4.1.6) lib/active_record/query_cache.rb:51:in `restore_query_cache_settings'
  activerecord (4.1.6) lib/active_record/query_cache.rb:43:in `rescue in call'
  activerecord (4.1.6) lib/active_record/query_cache.rb:32:in `call'
  activerecord (4.1.6) lib/active_record/connection_adapters/abstract/connection_pool.rb:621:in `call'
  activerecord (4.1.6) lib/active_record/migration.rb:380:in `call'
  actionpack (4.1.6) lib/action_dispatch/middleware/callbacks.rb:29:in `block in call'
  activesupport (4.1.6) lib/active_support/callbacks.rb:82:in `run_callbacks'
  actionpack (4.1.6) lib/action_dispatch/middleware/callbacks.rb:27:in `call'
  actionpack (4.1.6) lib/action_dispatch/middleware/reloader.rb:73:in `call'
  actionpack (4.1.6) lib/action_dispatch/middleware/remote_ip.rb:76:in `call'
  actionpack (4.1.6) lib/action_dispatch/middleware/debug_exceptions.rb:17:in `call'
  actionpack (4.1.6) lib/action_dispatch/middleware/show_exceptions.rb:30:in `call'
  railties (4.1.6) lib/rails/rack/logger.rb:38:in `call_app'
  railties (4.1.6) lib/rails/rack/logger.rb:20:in `block in call'
  activesupport (4.1.6) lib/active_support/tagged_logging.rb:68:in `block in tagged'
  activesupport (4.1.6) lib/active_support/tagged_logging.rb:26:in `tagged'
  activesupport (4.1.6) lib/active_support/tagged_logging.rb:68:in `tagged'
  railties (4.1.6) lib/rails/rack/logger.rb:20:in `call'
  actionpack (4.1.6) lib/action_dispatch/middleware/request_id.rb:21:in `call'
  rack (1.5.5) lib/rack/methodoverride.rb:21:in `call'
  rack (1.5.5) lib/rack/runtime.rb:17:in `call'
  activesupport (4.1.6) lib/active_support/cache/strategy/local_cache_middleware.rb:26:in `call'
  rack (1.5.5) lib/rack/lock.rb:17:in `call'
  actionpack (4.1.6) lib/action_dispatch/middleware/static.rb:64:in `call'
  rack (1.5.5) lib/rack/sendfile.rb:112:in `call'
  railties (4.1.6) lib/rails/engine.rb:514:in `call'
  railties (4.1.6) lib/rails/application.rb:144:in `call'
  rack (1.5.5) lib/rack/content_length.rb:14:in `call'
  thin (1.6.3) lib/thin/connection.rb:86:in `block in pre_process'
  thin (1.6.3) lib/thin/connection.rb:84:in `catch'
  thin (1.6.3) lib/thin/connection.rb:84:in `pre_process'
  thin (1.6.3) lib/thin/connection.rb:53:in `process'
  thin (1.6.3) lib/thin/connection.rb:39:in `receive_data'
  eventmachine (1.0.8) lib/eventmachine.rb:193:in `run_machine'
  eventmachine (1.0.8) lib/eventmachine.rb:193:in `run'
  thin (1.6.3) lib/thin/backends/base.rb:73:in `start'
  thin (1.6.3) lib/thin/server.rb:162:in `start'
  rack (1.5.5) lib/rack/handler/thin.rb:16:in `run'
  rack (1.5.5) lib/rack/server.rb:264:in `start'
  railties (4.1.6) lib/rails/commands/server.rb:69:in `start'
  railties (4.1.6) lib/rails/commands/commands_tasks.rb:81:in `block in server'
  railties (4.1.6) lib/rails/commands/commands_tasks.rb:76:in `tap'
  railties (4.1.6) lib/rails/commands/commands_tasks.rb:76:in `server'
  railties (4.1.6) lib/rails/commands/commands_tasks.rb:40:in `run_command!'
  railties (4.1.6) lib/rails/commands.rb:17:in `<top (required)>'
  bin/rails:8:in `require'
  bin/rails:8:in `<top (required)>'
  spring (1.4.0) lib/spring/client/rails.rb:28:in `load'
  spring (1.4.0) lib/spring/client/rails.rb:28:in `call'
  spring (1.4.0) lib/spring/client/command.rb:7:in `call'
  spring (1.4.0) lib/spring/client.rb:28:in `run'
  spring (1.4.0) bin/spring:49:in `<top (required)>'
  spring (1.4.0) lib/spring/binstub.rb:11:in `load'
  spring (1.4.0) lib/spring/binstub.rb:11:in `<top (required)>'
  bin/spring:13:in `require'
  bin/spring:13:in `<top (required)>'
  bin/rails:3:in `load'
  bin/rails:3:in `<main>'


  Rendered /Users/Mido/.rvm/gems/ruby-2.2.2/gems/actionpack-4.1.6/lib/action_dispatch/middleware/templates/rescues/_source.erb (0.5ms)
  Rendered /Users/Mido/.rvm/gems/ruby-2.2.2/gems/actionpack-4.1.6/lib/action_dispatch/middleware/templates/rescues/_trace.html.erb (1.0ms)
  Rendered /Users/Mido/.rvm/gems/ruby-2.2.2/gems/actionpack-4.1.6/lib/action_dispatch/middleware/templates/rescues/_request_and_response.html.erb (1.0ms)
  Rendered /Users/Mido/.rvm/gems/ruby-2.2.2/gems/actionpack-4.1.6/lib/action_dispatch/middleware/templates/rescues/diagnostics.erb within rescues/layout (43.9ms)


Started GET "/" for 127.0.0.1 at 2015-09-22 09:05:23 +0700
Processing by HomeController#index as HTML
  Rendered home/index.html.haml within layouts/application (2.8ms)
Completed 200 OK in 250ms (Views: 237.4ms | ActiveRecord: 0.0ms)


Started GET "/" for 127.0.0.1 at 2015-09-22 09:05:29 +0700
Processing by HomeController#index as HTML
  Rendered home/index.html.haml within layouts/application (0.3ms)
Completed 200 OK in 91ms (Views: 90.2ms | ActiveRecord: 0.0ms)


Started GET "/assets/bootstrap-generators.css?body=1" for 127.0.0.1 at 2015-09-22 09:05:29 +0700


Started GET "/assets/bootstrap-variables.css?body=1" for 127.0.0.1 at 2015-09-22 09:05:29 +0700


Started GET "/assets/application.css?body=1" for 127.0.0.1 at 2015-09-22 09:05:29 +0700


Started GET "/assets/jquery.js?body=1" for 127.0.0.1 at 2015-09-22 09:05:29 +0700


Started GET "/assets/bootstrap/collapse.js?body=1" for 127.0.0.1 at 2015-09-22 09:05:29 +0700


Started GET "/assets/jquery_ujs.js?body=1" for 127.0.0.1 at 2015-09-22 09:05:29 +0700


Started GET "/assets/turbolinks.js?body=1" for 127.0.0.1 at 2015-09-22 09:05:29 +0700


Started GET "/assets/bootstrap/modal.js?body=1" for 127.0.0.1 at 2015-09-22 09:05:29 +0700


Started GET "/assets/bootstrap/button.js?body=1" for 127.0.0.1 at 2015-09-22 09:05:29 +0700


Started GET "/assets/bootstrap/affix.js?body=1" for 127.0.0.1 at 2015-09-22 09:05:29 +0700


Started GET "/assets/bootstrap/tab.js?body=1" for 127.0.0.1 at 2015-09-22 09:05:29 +0700


Started GET "/assets/bootstrap/alert.js?body=1" for 127.0.0.1 at 2015-09-22 09:05:29 +0700


Started GET "/assets/bootstrap/transition.js?body=1" for 127.0.0.1 at 2015-09-22 09:05:29 +0700


Started GET "/assets/bootstrap/dropdown.js?body=1" for 127.0.0.1 at 2015-09-22 09:05:29 +0700


Started GET "/assets/bootstrap/popover.js?body=1" for 127.0.0.1 at 2015-09-22 09:05:29 +0700


Started GET "/assets/bootstrap/tooltip.js?body=1" for 127.0.0.1 at 2015-09-22 09:05:29 +0700


Started GET "/assets/bootstrap/scrollspy.js?body=1" for 127.0.0.1 at 2015-09-22 09:05:29 +0700


Started GET "/assets/bootstrap/carousel.js?body=1" for 127.0.0.1 at 2015-09-22 09:05:29 +0700


Started GET "/assets/application.js?body=1" for 127.0.0.1 at 2015-09-22 09:05:30 +0700


Started GET "/assets/bootstrap.js?body=1" for 127.0.0.1 at 2015-09-22 09:05:30 +0700


Started GET "/" for 127.0.0.1 at 2015-09-22 10:50:26 +0700
Processing by HomeController#index as HTML
  Rendered home/index.html.haml within layouts/application (0.5ms)
Completed 200 OK in 210ms (Views: 205.1ms | ActiveRecord: 0.0ms)


Started GET "/assets/bootstrap-generators.css?body=1" for 127.0.0.1 at 2015-09-22 10:50:26 +0700


Started GET "/assets/bootstrap-variables.css?body=1" for 127.0.0.1 at 2015-09-22 10:50:26 +0700


Started GET "/assets/application.css?body=1" for 127.0.0.1 at 2015-09-22 10:50:26 +0700


Started GET "/assets/jquery.js?body=1" for 127.0.0.1 at 2015-09-22 10:50:26 +0700


Started GET "/assets/jquery_ujs.js?body=1" for 127.0.0.1 at 2015-09-22 10:50:26 +0700


Started GET "/assets/turbolinks.js?body=1" for 127.0.0.1 at 2015-09-22 10:50:26 +0700


Started GET "/assets/bootstrap/collapse.js?body=1" for 127.0.0.1 at 2015-09-22 10:50:26 +0700


Started GET "/assets/bootstrap/modal.js?body=1" for 127.0.0.1 at 2015-09-22 10:50:26 +0700


Started GET "/assets/bootstrap/button.js?body=1" for 127.0.0.1 at 2015-09-22 10:50:26 +0700


Started GET "/assets/bootstrap/affix.js?body=1" for 127.0.0.1 at 2015-09-22 10:50:26 +0700


Started GET "/assets/bootstrap/tab.js?body=1" for 127.0.0.1 at 2015-09-22 10:50:26 +0700


Started GET "/assets/bootstrap/alert.js?body=1" for 127.0.0.1 at 2015-09-22 10:50:26 +0700


Started GET "/assets/bootstrap/transition.js?body=1" for 127.0.0.1 at 2015-09-22 10:50:26 +0700


Started GET "/assets/bootstrap/tooltip.js?body=1" for 127.0.0.1 at 2015-09-22 10:50:26 +0700


Started GET "/assets/bootstrap/popover.js?body=1" for 127.0.0.1 at 2015-09-22 10:50:26 +0700


Started GET "/assets/bootstrap/scrollspy.js?body=1" for 127.0.0.1 at 2015-09-22 10:50:26 +0700


Started GET "/assets/bootstrap/dropdown.js?body=1" for 127.0.0.1 at 2015-09-22 10:50:26 +0700


Started GET "/assets/bootstrap/carousel.js?body=1" for 127.0.0.1 at 2015-09-22 10:50:26 +0700


Started GET "/assets/bootstrap.js?body=1" for 127.0.0.1 at 2015-09-22 10:50:26 +0700


Started GET "/assets/application.js?body=1" for 127.0.0.1 at 2015-09-22 10:50:26 +0700
